running egg_info
creating ../../build/semuscreen_eyes/semuscreen_eyes.egg-info
writing ../../build/semuscreen_eyes/semuscreen_eyes.egg-info/PKG-INFO
writing dependency_links to ../../build/semuscreen_eyes/semuscreen_eyes.egg-info/dependency_links.txt
writing entry points to ../../build/semuscreen_eyes/semuscreen_eyes.egg-info/entry_points.txt
writing requirements to ../../build/semuscreen_eyes/semuscreen_eyes.egg-info/requires.txt
writing top-level names to ../../build/semuscreen_eyes/semuscreen_eyes.egg-info/top_level.txt
writing manifest file '../../build/semuscreen_eyes/semuscreen_eyes.egg-info/SOURCES.txt'
reading manifest file '../../build/semuscreen_eyes/semuscreen_eyes.egg-info/SOURCES.txt'
adding license file 'LICENSE'
writing manifest file '../../build/semuscreen_eyes/semuscreen_eyes.egg-info/SOURCES.txt'
running build
running build_py
creating /home/timur/semuscreen/build/semuscreen_eyes/build
creating /home/timur/semuscreen/build/semuscreen_eyes/build/lib
creating /home/timur/semuscreen/build/semuscreen_eyes/build/lib/semuscreen_eyes
copying semuscreen_eyes/eye_subscriber.py -> /home/timur/semuscreen/build/semuscreen_eyes/build/lib/semuscreen_eyes
copying semuscreen_eyes/__init__.py -> /home/timur/semuscreen/build/semuscreen_eyes/build/lib/semuscreen_eyes
running install
running install_lib
creating /home/timur/semuscreen/install/semuscreen_eyes/lib/python3.10/site-packages/semuscreen_eyes
copying /home/timur/semuscreen/build/semuscreen_eyes/build/lib/semuscreen_eyes/eye_subscriber.py -> /home/timur/semuscreen/install/semuscreen_eyes/lib/python3.10/site-packages/semuscreen_eyes
copying /home/timur/semuscreen/build/semuscreen_eyes/build/lib/semuscreen_eyes/__init__.py -> /home/timur/semuscreen/install/semuscreen_eyes/lib/python3.10/site-packages/semuscreen_eyes
byte-compiling /home/timur/semuscreen/install/semuscreen_eyes/lib/python3.10/site-packages/semuscreen_eyes/eye_subscriber.py to eye_subscriber.cpython-310.pyc
byte-compiling /home/timur/semuscreen/install/semuscreen_eyes/lib/python3.10/site-packages/semuscreen_eyes/__init__.py to __init__.cpython-310.pyc
running install_data
creating /home/timur/semuscreen/install/semuscreen_eyes/share/ament_index
creating /home/timur/semuscreen/install/semuscreen_eyes/share/ament_index/resource_index
creating /home/timur/semuscreen/install/semuscreen_eyes/share/ament_index/resource_index/packages
error: can't copy 'resource/semuscreen_eyes': doesn't exist or not a regular file
