[0.495s] Invoking command in '/home/timur/semuscreen/src/semuscreen_eye': PYTHONPATH=/home/timur/semuscreen/build/semuscreen_eyes/prefix_override:/home/timur/semuscreen/install/semuscreen_eyes/lib/python3.10/site-packages:${PYTHONPATH} /usr/bin/python3 -W ignore:setup.py install is deprecated setup.py egg_info --egg-base ../../build/semuscreen_eyes build --build-base /home/timur/semuscreen/build/semuscreen_eyes/build install --record /home/timur/semuscreen/build/semuscreen_eyes/install.log --single-version-externally-managed install_data
[0.685s] running egg_info
[0.686s] creating ../../build/semuscreen_eyes/semuscreen_eyes.egg-info
[0.686s] writing ../../build/semuscreen_eyes/semuscreen_eyes.egg-info/PKG-INFO
[0.686s] writing dependency_links to ../../build/semuscreen_eyes/semuscreen_eyes.egg-info/dependency_links.txt
[0.686s] writing entry points to ../../build/semuscreen_eyes/semuscreen_eyes.egg-info/entry_points.txt
[0.686s] writing requirements to ../../build/semuscreen_eyes/semuscreen_eyes.egg-info/requires.txt
[0.686s] writing top-level names to ../../build/semuscreen_eyes/semuscreen_eyes.egg-info/top_level.txt
[0.686s] writing manifest file '../../build/semuscreen_eyes/semuscreen_eyes.egg-info/SOURCES.txt'
[0.687s] reading manifest file '../../build/semuscreen_eyes/semuscreen_eyes.egg-info/SOURCES.txt'
[0.688s] adding license file 'LICENSE'
[0.688s] writing manifest file '../../build/semuscreen_eyes/semuscreen_eyes.egg-info/SOURCES.txt'
[0.688s] running build
[0.688s] running build_py
[0.688s] creating /home/timur/semuscreen/build/semuscreen_eyes/build
[0.689s] creating /home/timur/semuscreen/build/semuscreen_eyes/build/lib
[0.689s] creating /home/timur/semuscreen/build/semuscreen_eyes/build/lib/semuscreen_eyes
[0.689s] copying semuscreen_eyes/eye_subscriber.py -> /home/timur/semuscreen/build/semuscreen_eyes/build/lib/semuscreen_eyes
[0.689s] copying semuscreen_eyes/__init__.py -> /home/timur/semuscreen/build/semuscreen_eyes/build/lib/semuscreen_eyes
[0.689s] running install
[0.689s] running install_lib
[0.690s] creating /home/timur/semuscreen/install/semuscreen_eyes/lib/python3.10/site-packages/semuscreen_eyes
[0.690s] copying /home/timur/semuscreen/build/semuscreen_eyes/build/lib/semuscreen_eyes/eye_subscriber.py -> /home/timur/semuscreen/install/semuscreen_eyes/lib/python3.10/site-packages/semuscreen_eyes
[0.690s] copying /home/timur/semuscreen/build/semuscreen_eyes/build/lib/semuscreen_eyes/__init__.py -> /home/timur/semuscreen/install/semuscreen_eyes/lib/python3.10/site-packages/semuscreen_eyes
[0.691s] byte-compiling /home/timur/semuscreen/install/semuscreen_eyes/lib/python3.10/site-packages/semuscreen_eyes/eye_subscriber.py to eye_subscriber.cpython-310.pyc
[0.692s] byte-compiling /home/timur/semuscreen/install/semuscreen_eyes/lib/python3.10/site-packages/semuscreen_eyes/__init__.py to __init__.cpython-310.pyc
[0.692s] running install_data
[0.692s] creating /home/timur/semuscreen/install/semuscreen_eyes/share/ament_index
[0.692s] creating /home/timur/semuscreen/install/semuscreen_eyes/share/ament_index/resource_index
[0.692s] creating /home/timur/semuscreen/install/semuscreen_eyes/share/ament_index/resource_index/packages
[0.693s] error: can't copy 'resource/semuscreen_eyes': doesn't exist or not a regular file
[0.705s] Invoked command in '/home/timur/semuscreen/src/semuscreen_eye' returned '1': PYTHONPATH=/home/timur/semuscreen/build/semuscreen_eyes/prefix_override:/home/timur/semuscreen/install/semuscreen_eyes/lib/python3.10/site-packages:${PYTHONPATH} /usr/bin/python3 -W ignore:setup.py install is deprecated setup.py egg_info --egg-base ../../build/semuscreen_eyes build --build-base /home/timur/semuscreen/build/semuscreen_eyes/build install --record /home/timur/semuscreen/build/semuscreen_eyes/install.log --single-version-externally-managed install_data
