running egg_info
writing ../../build/semuscreen_eyes/semuscreen_eyes.egg-info/PKG-INFO
writing dependency_links to ../../build/semuscreen_eyes/semuscreen_eyes.egg-info/dependency_links.txt
writing entry points to ../../build/semuscreen_eyes/semuscreen_eyes.egg-info/entry_points.txt
writing requirements to ../../build/semuscreen_eyes/semuscreen_eyes.egg-info/requires.txt
writing top-level names to ../../build/semuscreen_eyes/semuscreen_eyes.egg-info/top_level.txt
reading manifest file '../../build/semuscreen_eyes/semuscreen_eyes.egg-info/SOURCES.txt'
adding license file 'LICENSE'
writing manifest file '../../build/semuscreen_eyes/semuscreen_eyes.egg-info/SOURCES.txt'
running build
running build_py
running install
running install_lib
running install_data
copying resource/semuscreen_eyes -> /home/timur/semuscreen/install/semuscreen_eyes/share/ament_index/resource_index/packages
copying package.xml -> /home/timur/semuscreen/install/semuscreen_eyes/share/semuscreen_eyes
running install_egg_info
Copying ../../build/semuscreen_eyes/semuscreen_eyes.egg-info to /home/timur/semuscreen/install/semuscreen_eyes/lib/python3.10/site-packages/semuscreen_eyes-0.0.0-py3.10.egg-info
running install_scripts
Installing eye_subscriber script to /home/timur/semuscreen/install/semuscreen_eyes/lib/semuscreen_eyes
writing list of installed files to '/home/timur/semuscreen/build/semuscreen_eyes/install.log'
